2020-10-30 18:57:03 [-][-][-][error][yii\console\UnknownCommandException] yii\base\InvalidRouteException: Unable to resolve the request "init". in C:\xampp\htdocs\BarGestWeb\API\vendor\yiisoft\yii2\base\Module.php:537
Stack trace:
#0 C:\xampp\htdocs\BarGestWeb\API\vendor\yiisoft\yii2\console\Application.php(180): yii\base\Module->runAction('init', Array)
#1 C:\xampp\htdocs\BarGestWeb\API\vendor\yiisoft\yii2\console\Application.php(147): yii\console\Application->runAction('init', Array)
#2 C:\xampp\htdocs\BarGestWeb\API\vendor\yiisoft\yii2\base\Application.php(386): yii\console\Application->handleRequest(Object(yii\console\Request))
#3 C:\xampp\htdocs\BarGestWeb\API\yii(20): yii\base\Application->run()
#4 {main}

Next yii\console\UnknownCommandException: Unknown command "init". in C:\xampp\htdocs\BarGestWeb\API\vendor\yiisoft\yii2\console\Application.php:183
Stack trace:
#0 C:\xampp\htdocs\BarGestWeb\API\vendor\yiisoft\yii2\console\Application.php(147): yii\console\Application->runAction('init', Array)
#1 C:\xampp\htdocs\BarGestWeb\API\vendor\yiisoft\yii2\base\Application.php(386): yii\console\Application->handleRequest(Object(yii\console\Request))
#2 C:\xampp\htdocs\BarGestWeb\API\yii(20): yii\base\Application->run()
#3 {main}
2020-10-30 18:57:03 [-][-][-][info][application] $_GET = []

$_POST = []

$_FILES = []

$_COOKIE = []

$_SERVER = [
    'ALLUSERSPROFILE' => 'C:\\ProgramData'
    'APPDATA' => 'C:\\Users\\simas\\AppData\\Roaming'
    'CommonProgramFiles' => 'C:\\Program Files\\Common Files'
    'CommonProgramFiles(x86)' => 'C:\\Program Files (x86)\\Common Files'
    'CommonProgramW6432' => 'C:\\Program Files\\Common Files'
    'COMPUTERNAME' => 'DESKTOP-C5K6BS8'
    'ComSpec' => 'C:\\Windows\\system32\\cmd.exe'
    'DriverData' => 'C:\\Windows\\System32\\Drivers\\DriverData'
    'FPS_BROWSER_APP_PROFILE_STRING' => 'Internet Explorer'
    'FPS_BROWSER_USER_PROFILE_STRING' => 'Default'
    'HOMEDRIVE' => 'C:'
    'HOMEPATH' => '\\Users\\simas'
    'LOCALAPPDATA' => 'C:\\Users\\simas\\AppData\\Local'
    'LOGONSERVER' => '\\\\DESKTOP-C5K6BS8'
    'NUMBER_OF_PROCESSORS' => '12'
    'OneDrive' => 'C:\\Users\\simas\\OneDrive'
    'OneDriveConsumer' => 'C:\\Users\\simas\\OneDrive'
    'OS' => 'Windows_NT'
    'Path' => 'C:\\Program Files (x86)\\Common Files\\Oracle\\Java\\javapath;C:\\Windows\\system32;C:\\Windows;C:\\Windows\\System32\\Wbem;C:\\Windows\\System32\\WindowsPowerShell\\v1.0\\;C:\\Windows\\System32\\OpenSSH\\;C:\\Program Files\\Microsoft VS Code\\bin;C:\\Program Files\\NVIDIA Corporation\\NVIDIA NvDLISR;C:\\Program Files (x86)\\Intel\\Intel(R) Management Engine Components\\DAL;C:\\Program Files\\Intel\\Intel(R) Management Engine Components\\DAL;C:\\Program Files\\NVIDIA Corporation\\NVIDIA NGX;C:\\Program Files (x86)\\NVIDIA Corporation\\PhysX\\Common;C:\\Program Files\\nodejs\\;C:\\Program Files\\Symfony;C:\\Program Files\\Git\\cmd;C:\\wamp64\\bin\\php\\php7.4.9;C:\\ProgramData\\ComposerSetup\\bin;C:\\Users\\simas\\AppData\\Local\\Microsoft\\WindowsApps;C:\\Users\\simas\\AppData\\Roaming\\npm;C:\\Users\\simas\\AppData\\Roaming\\Composer\\vendor\\bin;C:\\xampp\\php;'
    'PATHEXT' => '.COM;.EXE;.BAT;.CMD;.VBS;.VBE;.JS;.JSE;.WSF;.WSH;.MSC'
    'PROCESSOR_ARCHITECTURE' => 'AMD64'
    'PROCESSOR_IDENTIFIER' => 'Intel64 Family 6 Model 158 Stepping 10, GenuineIntel'
    'PROCESSOR_LEVEL' => '6'
    'PROCESSOR_REVISION' => '9e0a'
    'ProgramData' => 'C:\\ProgramData'
    'ProgramFiles' => 'C:\\Program Files'
    'ProgramFiles(x86)' => 'C:\\Program Files (x86)'
    'ProgramW6432' => 'C:\\Program Files'
    'PROMPT' => '$P$G'
    'PSModulePath' => 'C:\\Program Files\\WindowsPowerShell\\Modules;C:\\Windows\\system32\\WindowsPowerShell\\v1.0\\Modules'
    'PUBLIC' => 'C:\\Users\\Public'
    'SESSIONNAME' => 'Console'
    'SystemDrive' => 'C:'
    'SystemRoot' => 'C:\\Windows'
    'TEMP' => 'C:\\Users\\simas\\AppData\\Local\\Temp'
    'TMP' => 'C:\\Users\\simas\\AppData\\Local\\Temp'
    'USERDOMAIN' => 'DESKTOP-C5K6BS8'
    'USERDOMAIN_ROAMINGPROFILE' => 'DESKTOP-C5K6BS8'
    'USERNAME' => 'simas'
    'USERPROFILE' => 'C:\\Users\\simas'
    'windir' => 'C:\\Windows'
    'PHP_SELF' => 'yii'
    'SCRIPT_NAME' => 'yii'
    'SCRIPT_FILENAME' => 'yii'
    'PATH_TRANSLATED' => 'yii'
    'DOCUMENT_ROOT' => ''
    'REQUEST_TIME_FLOAT' => 1604080623.6157
    'REQUEST_TIME' => 1604080623
    'argv' => [
        0 => 'yii'
        1 => 'init'
    ]
    'argc' => 2
]
